<?xml version="1.0" encoding="UTF-8"?>
<testng-results skipped="0" failed="0" total="1" passed="1">
  <reporter-output>
  </reporter-output>
  <suite name="Default suite" duration-ms="26425" started-at="2020-07-01T17:34:55Z" finished-at="2020-07-01T17:35:21Z">
    <groups>
    </groups>
    <test name="Default test" duration-ms="26425" started-at="2020-07-01T17:34:55Z" finished-at="2020-07-01T17:35:21Z">
      <class name="tests.NewTest">
        <test-method status="PASS" signature="beforeClass()[pri:0, instance:tests.NewTest@7d9d1a19]" name="beforeClass" is-config="true" duration-ms="4940" started-at="2020-07-01T23:04:55Z" finished-at="2020-07-01T23:05:00Z">
          <reporter-output>
          </reporter-output>
        </test-method> <!-- beforeClass -->
        <test-method status="PASS" signature="openMyBlog()[pri:0, instance:tests.NewTest@7d9d1a19]" name="openMyBlog" duration-ms="21368" started-at="2020-07-01T23:05:00Z" finished-at="2020-07-01T23:05:21Z">
          <reporter-output>
          </reporter-output>
        </test-method> <!-- openMyBlog -->
        <test-method status="PASS" signature="afterClass()[pri:0, instance:tests.NewTest@7d9d1a19]" name="afterClass" is-config="true" duration-ms="106" started-at="2020-07-01T23:05:21Z" finished-at="2020-07-01T23:05:21Z">
          <reporter-output>
          </reporter-output>
        </test-method> <!-- afterClass -->
      </class> <!-- tests.NewTest -->
    </test> <!-- Default test -->
  </suite> <!-- Default suite -->
</testng-results>
